<?xml version="1.0" encoding="UTF-8"?>
<!-- Generated by org.testng.reporters.JUnitReportReporter -->
<testsuite hostname="LAPTOP-L36TRD7L" failures="0" tests="4" name="Api.testcases.Usertest" time="7.893" errors="0" timestamp="2023-10-29T16:21:54 IST" skipped="0">
  <testcase classname="Api.testcases.Usertest" name="testCreateUser" time="2.525"/>
  <system-out/>
  <testcase classname="Api.testcases.Usertest" name="testGetUserData" time="1.894"/>
  <system-out/>
  <testcase classname="Api.testcases.Usertest" name="testUpdateUser" time="2.297"/>
  <system-out/>
  <testcase classname="Api.testcases.Usertest" name="testDeleteUser" time="1.177"/>
  <system-out/>
</testsuite> <!-- Api.testcases.Usertest -->
